[2025-12-06T18:33:24.163] [DEBUG] debug-file - env: nodejsVersion=v18.20.1
[2025-12-06T18:33:24.246] [DEBUG] debug-file - env: daemon=true
[2025-12-06T18:33:24.165] [DEBUG] debug-file - env: hvigor-config.json5 content = { modelVersion: '6.0.0', dependencies: {} }
[2025-12-06T18:33:25.253] [DEBUG] debug-file - java daemon tryConnect failed Error: connect ECONNREFUSED 127.0.0.1:45050
[2025-12-06T18:33:25.270] [DEBUG] debug-file - java daemon started at port 45050 pid 38060
[2025-12-06T18:33:25.319] [DEBUG] debug-file - session manager: set active socket. socketId=lLsSz--XhVX34tnlAAAB
[2025-12-06T18:33:26.297] [DEBUG] debug-file - watch worker: worker id should be larger than 0. Nothing will be sent to any worker thread.
[2025-12-06T18:33:26.304] [DEBUG] debug-file - Hvigor init with startParameters:{
  hvigorfileTypeCheck: false,
  parallelExecution: true,
  incrementalExecution: true,
  printStackTrace: false,
  daemon: true,
  analyze: 0,
  logLevel: Level { level: 20000, levelStr: 'INFO', colour: 'green' },
  optimizationStrategy: 'memory',
  hotCompile: undefined,
  hotReloadBuild: undefined
}
[2025-12-06T18:33:26.304] [DEBUG] debug-file - Since current hvigor version 6.21.1 differs from last hvigor version 
      undefined, delete file-cache.json and task-cache.json.
[2025-12-06T18:33:26.305] [DEBUG] debug-file - Cache service initialization finished in 1 ms 
[2025-12-06T18:33:26.306] [DEBUG] debug-file - hvigorfile, resolving H:\WaterFlow\hvigorfile.ts
[2025-12-06T18:33:28.949] [DEBUG] debug-file - hvigorfile, require result:  {}
[2025-12-06T18:33:28.949] [DEBUG] debug-file - hvigorfile, binding system plugins {}
[2025-12-06T18:33:29.162] [DEBUG] debug-file - Start initialize project's product build option map with build mode debug.
[2025-12-06T18:33:29.163] [DEBUG] debug-file - Picking option from product 'default' with build mode 'debug'.
[2025-12-06T18:33:29.163] [DEBUG] debug-file - Product 'default' build option initialized
[2025-12-06T18:33:29.163] [DEBUG] debug-file - End initialize project's product build option map with build mode 'debug'.
[2025-12-06T18:33:29.165] [DEBUG] debug-file - Obtain build option for product 'default'in this build.
[2025-12-06T18:33:29.167] [DEBUG] debug-file - No signingConfig found, initRemoteHspCache failed.
[2025-12-06T18:33:29.170] [DEBUG] debug-file - Local scan or download HarmonyOS sdk components toolchains,ets,js,native,previewer
[2025-12-06T18:33:29.174] [DEBUG] debug-file - Local scan or download hmscore sdk components toolchains,ets,native
[2025-12-06T18:33:29.176] [DEBUG] debug-file - Start recording SDK configuration permission data.
[2025-12-06T18:33:29.217] [DEBUG] debug-file - Sdk init in 49 ms 
[2025-12-06T18:33:29.221] [DEBUG] debug-file - Project task initialization takes 4 ms 
[2025-12-06T18:33:29.221] [DEBUG] debug-file - hvigorfile, resolve finished H:\WaterFlow\hvigorfile.ts
[2025-12-06T18:33:29.222] [DEBUG] debug-file - hvigorfile, resolving H:\WaterFlow\entry\hvigorfile.ts
[2025-12-06T18:33:29.227] [DEBUG] debug-file - hvigorfile, require result:  {}
[2025-12-06T18:33:29.227] [DEBUG] debug-file - hvigorfile, binding system plugins {}
[2025-12-06T18:33:29.228] [DEBUG] debug-file - failed to load cangjie to dynamically generate schemas: Error: Cannot find module '@ohos/cangjie-build-support/index'
Require stack:
- D:\DEVecoStudio\DevEco Studio\tools\hvigor\hvigor-ohos-plugin\src\plugin\factory\plugin-factory.js
- D:\DEVecoStudio\DevEco Studio\tools\hvigor\hvigor-ohos-plugin\index.js
- H:\WaterFlow\hvigorfile.ts
- D:\DEVecoStudio\DevEco Studio\tools\hvigor\hvigor\src\base\internal\lifecycle\configuration.js
- D:\DEVecoStudio\DevEco Studio\tools\hvigor\hvigor\src\base\boot\index.js
- D:\DEVecoStudio\DevEco Studio\tools\hvigor\hvigor\src\base\daemon\cluster\worker-process-lifecycle.js
- D:\DEVecoStudio\DevEco Studio\tools\hvigor\hvigor\src\base\daemon\process\daemon-process-boot-script.js
[2025-12-06T18:33:29.239] [DEBUG] debug-file - Start initialize module-target build option map, moduleName=entry, buildMode=release
[2025-12-06T18:33:29.240] [DEBUG] debug-file - Target 'default' config initialized
[2025-12-06T18:33:29.240] [DEBUG] debug-file - Module 'entry' target 'default' build option initialized
[2025-12-06T18:33:29.240] [DEBUG] debug-file - End initialize module-target build option map, moduleName=entry
[2025-12-06T18:33:29.241] [DEBUG] debug-file - Start initialize module-target build option map, moduleName=entry, buildMode=debug
[2025-12-06T18:33:29.241] [DEBUG] debug-file - Target 'default' config initialized
[2025-12-06T18:33:29.241] [DEBUG] debug-file - Module 'entry' target 'default' build option initialized
[2025-12-06T18:33:29.241] [DEBUG] debug-file - End initialize module-target build option map, moduleName=entry
[2025-12-06T18:33:29.241] [DEBUG] debug-file - Start initialize module-target build option map, moduleName=entry, buildMode=debug
[2025-12-06T18:33:29.241] [DEBUG] debug-file - Target 'default' config initialized
[2025-12-06T18:33:29.241] [DEBUG] debug-file - Module 'entry' target 'default' build option initialized
[2025-12-06T18:33:29.241] [DEBUG] debug-file - End initialize module-target build option map, moduleName=entry
[2025-12-06T18:33:29.242] [DEBUG] debug-file - Obtain build option for module 'entry' target 'default'in this build.
[2025-12-06T18:33:29.245] [DEBUG] debug-file - Module entry task initialization takes 3 ms 
[2025-12-06T18:33:29.245] [DEBUG] debug-file - hvigorfile, resolve finished H:\WaterFlow\entry\hvigorfile.ts
[2025-12-06T18:33:29.259] [DEBUG] debug-file - hvigorfile, resolve hvigorfile dependencies in 13 ms 
[2025-12-06T18:33:29.259] [DEBUG] debug-file - project has submodules:entry
[2025-12-06T18:33:29.260] [DEBUG] debug-file - start to load updatedOhPackageInfo to the disk
[2025-12-06T18:33:29.264] [DEBUG] debug-file - load to the disk finished
[2025-12-06T18:33:29.265] [DEBUG] debug-file - Start to initialize dependency information.
[2025-12-06T18:33:29.267] [DEBUG] debug-file - Module WaterFlow Collected Dependency: 
[2025-12-06T18:33:29.267] [DEBUG] debug-file - Module WaterFlow's total dependency: 0
[2025-12-06T18:33:29.269] [DEBUG] debug-file - Start to initialize dependency information.
[2025-12-06T18:33:29.272] [DEBUG] debug-file - Module entry Collected Dependency: 
[2025-12-06T18:33:29.272] [DEBUG] debug-file - Module entry's total dependency: 0
[2025-12-06T18:33:29.275] [DEBUG] debug-file - Configuration phase cost:2 s 970 ms 
[2025-12-06T18:33:29.277] [DEBUG] debug-file - Configuration task cost before running: 2 s 977 ms 
[2025-12-06T18:33:29.277] [DEBUG] debug-file - Executing task :entry:clean
[2025-12-06T18:33:29.278] [DEBUG] debug-file - clean: Worker pool is inactive.
[2025-12-06T18:33:29.279] [DEBUG] debug-file - entry : clean cost memory 0.08465576171875
[2025-12-06T18:33:29.279] [DEBUG] debug-file - runTaskFromQueue task cost before running: 2 s 980 ms 
[2025-12-06T18:33:29.280] [INFO] debug-file - Finished :entry:clean... after 2 ms 
[2025-12-06T18:33:29.281] [DEBUG] debug-file - Executing task ::clean
[2025-12-06T18:33:29.281] [DEBUG] debug-file - clean: Worker pool is inactive.
[2025-12-06T18:33:29.281] [DEBUG] debug-file - WaterFlow : clean cost memory 0.02729034423828125
[2025-12-06T18:33:29.281] [DEBUG] debug-file - runTaskFromQueue task cost before running: 2 s 982 ms 
[2025-12-06T18:33:29.281] [INFO] debug-file - Finished ::clean... after 1 ms 
[2025-12-06T18:33:29.281] [DEBUG] debug-file - Executing task :entry:init
[2025-12-06T18:33:29.281] [DEBUG] debug-file - entry : init cost memory 0.01647186279296875
[2025-12-06T18:33:29.282] [DEBUG] debug-file - runTaskFromQueue task cost before running: 2 s 982 ms 
[2025-12-06T18:33:29.282] [INFO] debug-file - Finished :entry:init... after 1 ms 
[2025-12-06T18:33:29.282] [DEBUG] debug-file - Executing task ::init
[2025-12-06T18:33:29.282] [DEBUG] debug-file - WaterFlow : init cost memory 0.01531982421875
[2025-12-06T18:33:29.282] [DEBUG] debug-file - runTaskFromQueue task cost before running: 2 s 983 ms 
[2025-12-06T18:33:29.282] [INFO] debug-file - Finished ::init... after 1 ms 
[2025-12-06T18:33:29.292] [DEBUG] debug-file - Obtain build option for module 'entry' target 'default'in this build.
[2025-12-06T18:33:29.300] [DEBUG] debug-file - session manager: send message to worker process.
[2025-12-06T18:33:29.301] [DEBUG] debug-file - session manager: send message to worker process.
[2025-12-06T18:33:29.299] [DEBUG] debug-file - Since there is no instance or instance is terminated, create a new worker pool.
[2025-12-06T18:33:29.299] [DEBUG] debug-file - Worker pool is initialized with config:  {
  minPoolNum: 2,
  maxPoolNum: undefined,
  maxCoreSize: undefined,
  cacheCapacity: undefined,
  cacheTtl: undefined
}
[2025-12-06T18:33:29.300] [DEBUG] debug-file - Create  resident worker with id: 0.
[2025-12-06T18:33:29.303] [DEBUG] debug-file - Create  resident worker with id: 1.
[2025-12-06T18:33:29.306] [DEBUG] debug-file - Cleanup worker 0.
[2025-12-06T18:33:29.307] [DEBUG] debug-file - Worker 0 has been cleaned up.
[2025-12-06T18:33:29.307] [DEBUG] debug-file - Current idle worker size: 1.
[2025-12-06T18:33:29.307] [DEBUG] debug-file - Current resident worker size: 2.
[2025-12-06T18:33:29.307] [DEBUG] debug-file - Cleanup worker 1.
[2025-12-06T18:33:29.307] [DEBUG] debug-file - Worker 1 has been cleaned up.
[2025-12-06T18:33:29.307] [DEBUG] debug-file - Current idle worker size: 0.
[2025-12-06T18:33:29.307] [DEBUG] debug-file - Current resident worker size: 2.
[2025-12-06T18:33:29.308] [DEBUG] debug-file - hvigor build process will be closed.
[2025-12-06T18:33:29.311] [DEBUG] debug-file - watch worker: worker id should be larger than 0. Nothing will be sent to any worker thread.
[2025-12-06T18:33:29.312] [DEBUG] debug-file - watch worker: worker id should be larger than 0. Nothing will be sent to any worker thread.
[2025-12-06T18:33:29.313] [DEBUG] debug-file - worker[0] exits with exit code 0.
[2025-12-06T18:33:29.314] [DEBUG] debug-file - worker[1] exits with exit code 0.
[2025-12-06T22:10:18.515] [DEBUG] debug-file - env: nodejsVersion=v18.20.1
[2025-12-06T22:10:18.579] [DEBUG] debug-file - env: daemon=true
[2025-12-06T22:10:18.516] [DEBUG] debug-file - env: hvigor-config.json5 content = { modelVersion: '6.0.0', dependencies: {} }
[2025-12-06T22:10:19.353] [DEBUG] debug-file - java daemon tryConnect failed Error: connect ECONNREFUSED 127.0.0.1:45050
[2025-12-06T22:10:19.517] [DEBUG] debug-file - java daemon started at port 45050 pid 40840
[2025-12-06T22:10:19.562] [DEBUG] debug-file - session manager: set active socket. socketId=B3wzVrjtAO2ID1qIAAAB
[2025-12-06T22:10:20.209] [DEBUG] debug-file - watch worker: worker id should be larger than 0. Nothing will be sent to any worker thread.
[2025-12-06T22:10:20.215] [DEBUG] debug-file - Hvigor init with startParameters:{
  hvigorfileTypeCheck: false,
  parallelExecution: true,
  incrementalExecution: true,
  printStackTrace: false,
  daemon: true,
  analyze: 0,
  logLevel: Level { level: 20000, levelStr: 'INFO', colour: 'green' },
  optimizationStrategy: 'memory',
  hotCompile: undefined,
  hotReloadBuild: undefined
}
[2025-12-06T22:10:20.216] [DEBUG] debug-file - Cache service initialization finished in 1 ms 
[2025-12-06T22:10:20.217] [DEBUG] debug-file - hvigorfile, resolving H:\WaterFlow\hvigorfile.ts
[2025-12-06T22:10:22.781] [DEBUG] debug-file - hvigorfile, require result:  {}
[2025-12-06T22:10:22.781] [DEBUG] debug-file - hvigorfile, binding system plugins {}
[2025-12-06T22:10:22.966] [DEBUG] debug-file - Start initialize project's product build option map with build mode debug.
[2025-12-06T22:10:22.966] [DEBUG] debug-file - Picking option from product 'default' with build mode 'debug'.
[2025-12-06T22:10:22.967] [DEBUG] debug-file - Product 'default' build option initialized
[2025-12-06T22:10:22.967] [DEBUG] debug-file - End initialize project's product build option map with build mode 'debug'.
[2025-12-06T22:10:22.968] [DEBUG] debug-file - Obtain build option for product 'default'in this build.
[2025-12-06T22:10:22.971] [DEBUG] debug-file - No signingConfig found, initRemoteHspCache failed.
[2025-12-06T22:10:22.973] [DEBUG] debug-file - Local scan or download HarmonyOS sdk components toolchains,ets,js,native,previewer
[2025-12-06T22:10:22.978] [DEBUG] debug-file - Local scan or download hmscore sdk components toolchains,ets,native
[2025-12-06T22:10:22.981] [DEBUG] debug-file - Start recording SDK configuration permission data.
[2025-12-06T22:10:23.020] [DEBUG] debug-file - Sdk init in 48 ms 
[2025-12-06T22:10:23.024] [DEBUG] debug-file - Project task initialization takes 3 ms 
[2025-12-06T22:10:23.024] [DEBUG] debug-file - hvigorfile, resolve finished H:\WaterFlow\hvigorfile.ts
[2025-12-06T22:10:23.024] [DEBUG] debug-file - hvigorfile, resolving H:\WaterFlow\entry\hvigorfile.ts
[2025-12-06T22:10:23.028] [DEBUG] debug-file - hvigorfile, require result:  {}
[2025-12-06T22:10:23.029] [DEBUG] debug-file - hvigorfile, binding system plugins {}
[2025-12-06T22:10:23.030] [DEBUG] debug-file - failed to load cangjie to dynamically generate schemas: Error: Cannot find module '@ohos/cangjie-build-support/index'
Require stack:
- D:\DEVecoStudio\DevEco Studio\tools\hvigor\hvigor-ohos-plugin\src\plugin\factory\plugin-factory.js
- D:\DEVecoStudio\DevEco Studio\tools\hvigor\hvigor-ohos-plugin\index.js
- H:\WaterFlow\hvigorfile.ts
- D:\DEVecoStudio\DevEco Studio\tools\hvigor\hvigor\src\base\internal\lifecycle\configuration.js
- D:\DEVecoStudio\DevEco Studio\tools\hvigor\hvigor\src\base\boot\index.js
- D:\DEVecoStudio\DevEco Studio\tools\hvigor\hvigor\src\base\daemon\cluster\worker-process-lifecycle.js
- D:\DEVecoStudio\DevEco Studio\tools\hvigor\hvigor\src\base\daemon\process\daemon-process-boot-script.js
[2025-12-06T22:10:23.039] [DEBUG] debug-file - Start initialize module-target build option map, moduleName=entry, buildMode=release
[2025-12-06T22:10:23.040] [DEBUG] debug-file - Target 'default' config initialized
[2025-12-06T22:10:23.040] [DEBUG] debug-file - Module 'entry' target 'default' build option initialized
[2025-12-06T22:10:23.040] [DEBUG] debug-file - End initialize module-target build option map, moduleName=entry
[2025-12-06T22:10:23.040] [DEBUG] debug-file - Start initialize module-target build option map, moduleName=entry, buildMode=debug
[2025-12-06T22:10:23.040] [DEBUG] debug-file - Target 'default' config initialized
[2025-12-06T22:10:23.041] [DEBUG] debug-file - Module 'entry' target 'default' build option initialized
[2025-12-06T22:10:23.041] [DEBUG] debug-file - End initialize module-target build option map, moduleName=entry
[2025-12-06T22:10:23.041] [DEBUG] debug-file - Start initialize module-target build option map, moduleName=entry, buildMode=debug
[2025-12-06T22:10:23.041] [DEBUG] debug-file - Target 'default' config initialized
[2025-12-06T22:10:23.041] [DEBUG] debug-file - Module 'entry' target 'default' build option initialized
[2025-12-06T22:10:23.041] [DEBUG] debug-file - End initialize module-target build option map, moduleName=entry
[2025-12-06T22:10:23.041] [DEBUG] debug-file - Obtain build option for module 'entry' target 'default'in this build.
[2025-12-06T22:10:23.046] [DEBUG] debug-file - Module entry task initialization takes 4 ms 
[2025-12-06T22:10:23.046] [DEBUG] debug-file - hvigorfile, resolve finished H:\WaterFlow\entry\hvigorfile.ts
[2025-12-06T22:10:23.063] [DEBUG] debug-file - hvigorfile, resolve hvigorfile dependencies in 17 ms 
[2025-12-06T22:10:23.064] [DEBUG] debug-file - project has submodules:entry
[2025-12-06T22:10:23.066] [DEBUG] debug-file - start to load updatedOhPackageInfo to the disk
[2025-12-06T22:10:23.073] [DEBUG] debug-file - load to the disk finished
[2025-12-06T22:10:23.075] [DEBUG] debug-file - Start to initialize dependency information.
[2025-12-06T22:10:23.081] [DEBUG] debug-file - Module WaterFlow Collected Dependency: 
[2025-12-06T22:10:23.081] [DEBUG] debug-file - Module WaterFlow's total dependency: 0
[2025-12-06T22:10:23.084] [DEBUG] debug-file - Start to initialize dependency information.
[2025-12-06T22:10:23.086] [DEBUG] debug-file - Module entry Collected Dependency: 
[2025-12-06T22:10:23.086] [DEBUG] debug-file - Module entry's total dependency: 0
[2025-12-06T22:10:23.090] [DEBUG] debug-file - Configuration phase cost:2 s 875 ms 
[2025-12-06T22:10:23.093] [DEBUG] debug-file - Configuration task cost before running: 2 s 882 ms 
[2025-12-06T22:10:23.094] [DEBUG] debug-file - Executing task :entry:init
[2025-12-06T22:10:23.095] [DEBUG] debug-file - entry : init cost memory 0.01801300048828125
[2025-12-06T22:10:23.095] [DEBUG] debug-file - runTaskFromQueue task cost before running: 2 s 884 ms 
[2025-12-06T22:10:23.095] [INFO] debug-file - Finished :entry:init... after 1 ms 
[2025-12-06T22:10:23.096] [DEBUG] debug-file - Executing task ::init
[2025-12-06T22:10:23.096] [DEBUG] debug-file - WaterFlow : init cost memory 0.015350341796875
[2025-12-06T22:10:23.096] [DEBUG] debug-file - runTaskFromQueue task cost before running: 2 s 886 ms 
[2025-12-06T22:10:23.096] [INFO] debug-file - Finished ::init... after 1 ms 
[2025-12-06T22:10:23.112] [DEBUG] debug-file - Obtain build option for module 'entry' target 'default'in this build.
[2025-12-06T22:10:23.119] [DEBUG] debug-file - Since there is no instance or instance is terminated, create a new worker pool.
[2025-12-06T22:10:23.119] [DEBUG] debug-file - Worker pool is initialized with config:  {
  minPoolNum: 2,
  maxPoolNum: undefined,
  maxCoreSize: undefined,
  cacheCapacity: undefined,
  cacheTtl: undefined
}
[2025-12-06T22:10:23.120] [DEBUG] debug-file - Create  resident worker with id: 0.
[2025-12-06T22:10:23.120] [DEBUG] debug-file - session manager: send message to worker process.
[2025-12-06T22:10:23.121] [DEBUG] debug-file - session manager: send message to worker process.
[2025-12-06T22:10:23.123] [DEBUG] debug-file - Create  resident worker with id: 1.
[2025-12-06T22:10:23.125] [DEBUG] debug-file - Cleanup worker 0.
[2025-12-06T22:10:23.126] [DEBUG] debug-file - Worker 0 has been cleaned up.
[2025-12-06T22:10:23.126] [DEBUG] debug-file - Current idle worker size: 1.
[2025-12-06T22:10:23.126] [DEBUG] debug-file - Current resident worker size: 2.
[2025-12-06T22:10:23.126] [DEBUG] debug-file - Cleanup worker 1.
[2025-12-06T22:10:23.126] [DEBUG] debug-file - Worker 1 has been cleaned up.
[2025-12-06T22:10:23.126] [DEBUG] debug-file - Current idle worker size: 0.
[2025-12-06T22:10:23.126] [DEBUG] debug-file - Current resident worker size: 2.
[2025-12-06T22:10:23.127] [DEBUG] debug-file - hvigor build process will be closed.
[2025-12-06T22:10:23.131] [DEBUG] debug-file - watch worker: worker id should be larger than 0. Nothing will be sent to any worker thread.
[2025-12-06T22:10:23.131] [DEBUG] debug-file - watch worker: worker id should be larger than 0. Nothing will be sent to any worker thread.
[2025-12-06T22:10:23.131] [DEBUG] debug-file - worker[0] exits with exit code 0.
[2025-12-06T22:10:23.132] [DEBUG] debug-file - worker[1] exits with exit code 0.
[2025-12-06T22:15:24.121] [DEBUG] debug-file - session manager: set active socket. socketId=MEXzLLxz3j1egMRUAAAD
[2025-12-06T22:15:24.141] [DEBUG] debug-file - watch worker: worker id should be larger than 0. Nothing will be sent to any worker thread.
[2025-12-06T22:15:24.145] [DEBUG] debug-file - Hvigor init with startParameters:{
  hvigorfileTypeCheck: false,
  parallelExecution: true,
  incrementalExecution: true,
  printStackTrace: false,
  daemon: true,
  analyze: 0,
  logLevel: Level { level: 20000, levelStr: 'INFO', colour: 'green' },
  optimizationStrategy: 'memory',
  hotCompile: undefined,
  hotReloadBuild: undefined
}
[2025-12-06T22:15:24.145] [DEBUG] debug-file - Cache service initialization finished in 1 ms 
[2025-12-06T22:15:24.146] [DEBUG] debug-file - hvigorfile, resolving H:\WaterFlow\hvigorfile.ts
[2025-12-06T22:15:24.151] [DEBUG] debug-file - hvigorfile, require result:  {}
[2025-12-06T22:15:24.152] [DEBUG] debug-file - hvigorfile, binding system plugins {}
[2025-12-06T22:15:24.155] [DEBUG] debug-file - Start initialize project's product build option map with build mode debug.
[2025-12-06T22:15:24.155] [DEBUG] debug-file - Picking option from product 'default' with build mode 'debug'.
[2025-12-06T22:15:24.155] [DEBUG] debug-file - Product 'default' build option initialized
[2025-12-06T22:15:24.156] [DEBUG] debug-file - End initialize project's product build option map with build mode 'debug'.
[2025-12-06T22:15:24.156] [DEBUG] debug-file - Obtain build option for product 'default'in this build.
[2025-12-06T22:15:24.157] [DEBUG] debug-file - No signingConfig found, initRemoteHspCache failed.
[2025-12-06T22:15:24.160] [DEBUG] debug-file - Start recording SDK configuration permission data.
[2025-12-06T22:15:24.184] [DEBUG] debug-file - Sdk init in 27 ms 
[2025-12-06T22:15:24.186] [DEBUG] debug-file - Project task initialization takes 2 ms 
[2025-12-06T22:15:24.186] [DEBUG] debug-file - hvigorfile, resolve finished H:\WaterFlow\hvigorfile.ts
[2025-12-06T22:15:24.186] [DEBUG] debug-file - hvigorfile, resolving H:\WaterFlow\entry\hvigorfile.ts
[2025-12-06T22:15:24.190] [DEBUG] debug-file - hvigorfile, require result:  {}
[2025-12-06T22:15:24.190] [DEBUG] debug-file - hvigorfile, binding system plugins {}
[2025-12-06T22:15:24.191] [DEBUG] debug-file - failed to load cangjie to dynamically generate schemas: Error: Cannot find module '@ohos/cangjie-build-support/index'
Require stack:
- D:\DEVecoStudio\DevEco Studio\tools\hvigor\hvigor-ohos-plugin\src\plugin\factory\plugin-factory.js
- D:\DEVecoStudio\DevEco Studio\tools\hvigor\hvigor-ohos-plugin\index.js
- H:\WaterFlow\hvigorfile.ts
- D:\DEVecoStudio\DevEco Studio\tools\hvigor\hvigor\src\base\internal\lifecycle\configuration.js
- D:\DEVecoStudio\DevEco Studio\tools\hvigor\hvigor\src\base\boot\index.js
- D:\DEVecoStudio\DevEco Studio\tools\hvigor\hvigor\src\base\daemon\cluster\worker-process-lifecycle.js
- D:\DEVecoStudio\DevEco Studio\tools\hvigor\hvigor\src\base\daemon\process\daemon-process-boot-script.js
[2025-12-06T22:15:24.192] [DEBUG] debug-file - Start initialize module-target build option map, moduleName=entry, buildMode=release
[2025-12-06T22:15:24.192] [DEBUG] debug-file - Target 'default' config initialized
[2025-12-06T22:15:24.192] [DEBUG] debug-file - Module 'entry' target 'default' build option initialized
[2025-12-06T22:15:24.192] [DEBUG] debug-file - End initialize module-target build option map, moduleName=entry
[2025-12-06T22:15:24.192] [DEBUG] debug-file - Start initialize module-target build option map, moduleName=entry, buildMode=debug
[2025-12-06T22:15:24.192] [DEBUG] debug-file - Target 'default' config initialized
[2025-12-06T22:15:24.193] [DEBUG] debug-file - Module 'entry' target 'default' build option initialized
[2025-12-06T22:15:24.193] [DEBUG] debug-file - End initialize module-target build option map, moduleName=entry
[2025-12-06T22:15:24.193] [DEBUG] debug-file - Start initialize module-target build option map, moduleName=entry, buildMode=debug
[2025-12-06T22:15:24.193] [DEBUG] debug-file - Target 'default' config initialized
[2025-12-06T22:15:24.193] [DEBUG] debug-file - Module 'entry' target 'default' build option initialized
[2025-12-06T22:15:24.193] [DEBUG] debug-file - End initialize module-target build option map, moduleName=entry
[2025-12-06T22:15:24.193] [DEBUG] debug-file - Obtain build option for module 'entry' target 'default'in this build.
[2025-12-06T22:15:24.194] [DEBUG] debug-file - Module entry task initialization takes 1 ms 
[2025-12-06T22:15:24.194] [DEBUG] debug-file - hvigorfile, resolve finished H:\WaterFlow\entry\hvigorfile.ts
[2025-12-06T22:15:24.214] [DEBUG] debug-file - hvigorfile, resolve hvigorfile dependencies in 20 ms 
[2025-12-06T22:15:24.214] [DEBUG] debug-file - project has submodules:entry
[2025-12-06T22:15:24.215] [DEBUG] debug-file - start to load updatedOhPackageInfo to the disk
[2025-12-06T22:15:24.218] [DEBUG] debug-file - load to the disk finished
[2025-12-06T22:15:24.219] [DEBUG] debug-file - Start to initialize dependency information.
[2025-12-06T22:15:24.219] [DEBUG] debug-file - Module WaterFlow Collected Dependency: 
[2025-12-06T22:15:24.219] [DEBUG] debug-file - Module WaterFlow's total dependency: 0
[2025-12-06T22:15:24.220] [DEBUG] debug-file - Start to initialize dependency information.
[2025-12-06T22:15:24.221] [DEBUG] debug-file - Module entry Collected Dependency: 
[2025-12-06T22:15:24.221] [DEBUG] debug-file - Module entry's total dependency: 0
[2025-12-06T22:15:24.222] [DEBUG] debug-file - Configuration phase cost:77 ms 
[2025-12-06T22:15:24.223] [DEBUG] debug-file - Configuration task cost before running: 81 ms 
[2025-12-06T22:15:24.227] [DEBUG] debug-file - Executing task :entry:default@PreBuild
[2025-12-06T22:15:24.228] [DEBUG] debug-file - Task 'entry:default@PreBuild' cost while wrapping incremental declarations: 1 ms 
[2025-12-06T22:15:24.382] [DEBUG] debug-file - current product is not Atomic service.
[2025-12-06T22:15:24.382] [DEBUG] debug-file - Use tool [win32: JAVA_HOME, CLASSPATH]
 [
  { JAVA_HOME: 'D:\\DEVecoStudio\\DevEco Studio\\jbr' },
  { CLASSPATH: 'D:\\work-java\\JDK-Java\\jdk-21.0.1\\lib' }
]
[2025-12-06T22:15:24.382] [DEBUG] debug-file - Use tool [win32: NODE_HOME]
 [ { NODE_HOME: 'D:\\DEVecoStudio\\DevEco Studio\\tools\\node' } ]
[2025-12-06T22:15:24.383] [DEBUG] debug-file - entry : default@PreBuild cost memory 1.4128646850585938
[2025-12-06T22:15:24.383] [DEBUG] debug-file - runTaskFromQueue task cost before running: 241 ms 
[2025-12-06T22:15:24.384] [INFO] debug-file - Finished :entry:default@PreBuild... after 156 ms 
[2025-12-06T22:15:24.385] [DEBUG] debug-file - Executing task :entry:default@CreateModuleInfo
[2025-12-06T22:15:24.385] [DEBUG] debug-file - Task 'entry:default@CreateModuleInfo' cost while wrapping incremental declarations: 1 ms 
[2025-12-06T22:15:24.385] [DEBUG] debug-file - entry : default@CreateModuleInfo cost memory 0.04961395263671875
[2025-12-06T22:15:24.385] [DEBUG] debug-file - runTaskFromQueue task cost before running: 244 ms 
[2025-12-06T22:15:24.386] [INFO] debug-file - Finished :entry:default@CreateModuleInfo... after 1 ms 
[2025-12-06T22:15:24.386] [DEBUG] debug-file - Executing task :entry:default@MergeProfile
[2025-12-06T22:15:24.387] [DEBUG] debug-file - Task 'entry:default@MergeProfile' cost while wrapping incremental declarations: 1 ms 
[2025-12-06T22:15:24.387] [DEBUG] debug-file - Change app api release type with 'Release'
[2025-12-06T22:15:24.387] [DEBUG] debug-file - Change app compile API version with '6.0.1.112'
[2025-12-06T22:15:24.387] [DEBUG] debug-file - Change app target API version with '60000020'
[2025-12-06T22:15:24.388] [DEBUG] debug-file - Change app minimum API version with '50005017'
[2025-12-06T22:15:24.388] [DEBUG] debug-file - Use cli appEnvironment
[2025-12-06T22:15:24.391] [DEBUG] debug-file - entry : default@MergeProfile cost memory 0.19709014892578125
[2025-12-06T22:15:24.391] [DEBUG] debug-file - runTaskFromQueue task cost before running: 250 ms 
[2025-12-06T22:15:24.392] [INFO] debug-file - Finished :entry:default@MergeProfile... after 6 ms 
[2025-12-06T22:15:24.393] [DEBUG] debug-file - Executing task :entry:default@CreateBuildProfile
[2025-12-06T22:15:24.393] [DEBUG] debug-file - Task 'entry:default@CreateBuildProfile' cost while wrapping incremental declarations: 1 ms 
[2025-12-06T22:15:24.394] [DEBUG] debug-file - entry : default@CreateBuildProfile cost memory 0.0648956298828125
[2025-12-06T22:15:24.395] [DEBUG] debug-file - runTaskFromQueue task cost before running: 253 ms 
[2025-12-06T22:15:24.395] [INFO] debug-file - Finished :entry:default@CreateBuildProfile... after 3 ms 
[2025-12-06T22:15:24.396] [DEBUG] debug-file - Executing task :entry:default@PreCheckSyscap
[2025-12-06T22:15:24.396] [DEBUG] debug-file - entry : default@PreCheckSyscap cost memory 0.01922607421875
[2025-12-06T22:15:24.396] [DEBUG] debug-file - runTaskFromQueue task cost before running: 255 ms 
[2025-12-06T22:15:24.397] [INFO] debug-file - Finished :entry:default@PreCheckSyscap... after 1 ms 
[2025-12-06T22:15:24.398] [DEBUG] debug-file - Executing task :entry:default@GeneratePkgContextInfo
[2025-12-06T22:15:24.405] [DEBUG] debug-file - Task 'entry:default@GeneratePkgContextInfo' cost while wrapping incremental declarations: 1 ms 
[2025-12-06T22:15:24.406] [DEBUG] debug-file - entry : default@GeneratePkgContextInfo cost memory 0.38524627685546875
[2025-12-06T22:15:24.406] [DEBUG] debug-file - runTaskFromQueue task cost before running: 264 ms 
[2025-12-06T22:15:24.406] [INFO] debug-file - Finished :entry:default@GeneratePkgContextInfo... after 8 ms 
[2025-12-06T22:15:24.408] [DEBUG] debug-file - Executing task :entry:default@ProcessProfile
[2025-12-06T22:15:24.409] [DEBUG] debug-file - Task 'entry:default@ProcessProfile' cost while wrapping incremental declarations: 1 ms 
[2025-12-06T22:15:24.412] [DEBUG] debug-file - [
  'D:\\DEVecoStudio\\DevEco Studio\\tools\\node\\node.exe',
  'D:\\DEVecoStudio\\DevEco Studio\\sdk\\default\\openharmony\\ets\\build-tools\\ets-loader\\bin\\ark\\ts2abc.js',
  '--target-api-version',
  '17'
]
[2025-12-06T22:15:24.867] [DEBUG] debug-file - 12.0.6.0
[2025-12-06T22:15:24.868] [DEBUG] debug-file - No need to add fake ui ability because of abilityPath does not exist.
[2025-12-06T22:15:24.870] [DEBUG] debug-file - entry : default@ProcessProfile cost memory 1.920440673828125
[2025-12-06T22:15:24.870] [DEBUG] debug-file - runTaskFromQueue task cost before running: 728 ms 
[2025-12-06T22:15:24.870] [INFO] debug-file - Finished :entry:default@ProcessProfile... after 462 ms 
[2025-12-06T22:15:24.871] [DEBUG] debug-file - Executing task :entry:default@ProcessRouterMap
[2025-12-06T22:15:24.874] [DEBUG] debug-file - entry : default@ProcessRouterMap cost memory 0.08115386962890625
[2025-12-06T22:15:24.874] [DEBUG] debug-file - runTaskFromQueue task cost before running: 732 ms 
[2025-12-06T22:15:24.874] [INFO] debug-file - Finished :entry:default@ProcessRouterMap... after 3 ms 
[2025-12-06T22:15:24.875] [DEBUG] debug-file - Executing task :entry:default@ProcessShareConfig
[2025-12-06T22:15:24.877] [DEBUG] debug-file - entry : default@ProcessShareConfig cost memory 0.06920623779296875
[2025-12-06T22:15:24.877] [DEBUG] debug-file - runTaskFromQueue task cost before running: 735 ms 
[2025-12-06T22:15:24.877] [INFO] debug-file - Finished :entry:default@ProcessShareConfig... after 2 ms 
[2025-12-06T22:15:24.878] [DEBUG] debug-file - Executing task :entry:default@ProcessStartupConfig
[2025-12-06T22:15:24.878] [DEBUG] debug-file - Task 'entry:default@ProcessStartupConfig' cost while wrapping incremental declarations: 1 ms 
[2025-12-06T22:15:24.879] [DEBUG] debug-file - entry : default@ProcessStartupConfig cost memory 0.072998046875
[2025-12-06T22:15:24.879] [DEBUG] debug-file - runTaskFromQueue task cost before running: 738 ms 
[2025-12-06T22:15:24.881] [INFO] debug-file - Finished :entry:default@ProcessStartupConfig... after 2 ms 
[2025-12-06T22:15:24.883] [DEBUG] debug-file - restool module names: entry; moduleName=entry, taskName=default@PreviewProcessResource
[2025-12-06T22:15:24.885] [DEBUG] debug-file - Executing task :entry:default@PreviewProcessResource
[2025-12-06T22:15:24.885] [DEBUG] debug-file - Task 'entry:default@PreviewProcessResource' cost while wrapping incremental declarations: 1 ms 
[2025-12-06T22:15:24.885] [DEBUG] debug-file - entry : default@PreviewProcessResource cost memory 0.06934356689453125
[2025-12-06T22:15:24.886] [DEBUG] debug-file - runTaskFromQueue task cost before running: 744 ms 
[2025-12-06T22:15:24.887] [INFO] debug-file - Finished :entry:default@PreviewProcessResource... after 3 ms 
[2025-12-06T22:15:24.889] [DEBUG] debug-file - Executing task :entry:default@GenerateLoaderJson
[2025-12-06T22:15:24.890] [DEBUG] debug-file - Task 'entry:default@GenerateLoaderJson' cost while wrapping incremental declarations: 1 ms 
[2025-12-06T22:15:24.897] [DEBUG] debug-file - entry : default@GenerateLoaderJson cost memory 0.5263442993164062
[2025-12-06T22:15:24.897] [DEBUG] debug-file - runTaskFromQueue task cost before running: 756 ms 
[2025-12-06T22:15:24.899] [INFO] debug-file - Finished :entry:default@GenerateLoaderJson... after 9 ms 
[2025-12-06T22:15:24.900] [DEBUG] debug-file - restool module names: entry; moduleName=entry, taskName=default@PreviewCompileResource
[2025-12-06T22:15:24.901] [DEBUG] debug-file - Executing task :entry:default@PreviewCompileResource
[2025-12-06T22:15:24.905] [DEBUG] debug-file - Use tool [D:\DEVecoStudio\DevEco Studio\sdk\default\openharmony\toolchains\restool.exe]
 [
  'D:\\DEVecoStudio\\DevEco Studio\\sdk\\default\\openharmony\\toolchains\\restool.exe',
  '-x',
  'H:\\WaterFlow\\AppScope\\resources',
  '-o',
  'H:\\WaterFlow\\entry\\.preview\\default\\intermediates\\res\\default\\app_compiled'
]
[2025-12-06T22:15:24.905] [DEBUG] debug-file - current process  memoryUsage: {
  rss: 182333440,
  heapTotal: 137379840,
  heapUsed: 110636768,
  external: 3128493,
  arrayBuffers: 100872
} os memoryUsage :13.514915466308594
[2025-12-06T22:15:25.207] [DEBUG] debug-file - Info: restool resources compile success.

[2025-12-06T22:15:25.210] [DEBUG] debug-file - Use tool [D:\DEVecoStudio\DevEco Studio\sdk\default\openharmony\toolchains\restool.exe]
 [
  'D:\\DEVecoStudio\\DevEco Studio\\sdk\\default\\openharmony\\toolchains\\restool.exe',
  '-x',
  'H:\\WaterFlow\\entry\\src\\main\\resources',
  '-o',
  'H:\\WaterFlow\\entry\\.preview\\default\\intermediates\\res\\default\\module_compiled'
]
[2025-12-06T22:15:25.210] [DEBUG] debug-file - current process  memoryUsage: {
  rss: 182415360,
  heapTotal: 137379840,
  heapUsed: 110860776,
  external: 3128619,
  arrayBuffers: 101013
} os memoryUsage :13.52218246459961
[2025-12-06T22:15:25.307] [DEBUG] debug-file - Info: restool resources compile success.

[2025-12-06T22:15:25.312] [DEBUG] debug-file - Use tool [D:\DEVecoStudio\DevEco Studio\sdk\default\openharmony\toolchains\restool.exe]
 [
  'D:\\DEVecoStudio\\DevEco Studio\\sdk\\default\\openharmony\\toolchains\\restool.exe',
  '-m',
  'entry',
  '-f',
  '-j',
  'H:\\WaterFlow\\entry\\.preview\\default\\intermediates\\process_profile\\default\\module.json',
  '-p',
  'c***w',
  '-r',
  'H:\\WaterFlow\\entry\\.preview\\default\\generated\\r\\default\\ResourceTable.h',
  '-z',
  '--ids',
  'H:\\WaterFlow\\entry\\.preview\\default\\intermediates\\res\\default\\ids_map',
  '-i',
  'H:\\WaterFlow\\entry\\.preview\\default\\intermediates\\res\\default\\app_compiled',
  '-i',
  'H:\\WaterFlow\\entry\\.preview\\default\\intermediates\\res\\default\\module_compiled',
  '-o',
  'H:\\WaterFlow\\entry\\.preview\\default\\intermediates\\res\\default',
  '--defined-sysids',
  'D:\\DEVecoStudio\\DevEco Studio\\sdk\\default\\hms\\toolchains\\id_defined.json'
]
[2025-12-06T22:15:25.313] [DEBUG] debug-file - current process  memoryUsage: {
  rss: 182415360,
  heapTotal: 137379840,
  heapUsed: 111079840,
  external: 3128745,
  arrayBuffers: 101887
} os memoryUsage :13.535137176513672
[2025-12-06T22:15:25.437] [DEBUG] debug-file - Info: hardware concurrency count is : 16
Info: thread count is : 16

[2025-12-06T22:15:25.438] [DEBUG] debug-file - Info: thread pool is started

[2025-12-06T22:15:25.442] [DEBUG] debug-file - Info: restool resources compile success.

[2025-12-06T22:15:25.442] [DEBUG] debug-file - Info: thread pool is stopped

[2025-12-06T22:15:25.448] [DEBUG] debug-file - entry : default@PreviewCompileResource cost memory 0.8181228637695312
[2025-12-06T22:15:25.448] [DEBUG] debug-file - runTaskFromQueue task cost before running: 1 s 306 ms 
[2025-12-06T22:15:25.448] [INFO] debug-file - Finished :entry:default@PreviewCompileResource... after 548 ms 
[2025-12-06T22:15:25.449] [DEBUG] debug-file - Executing task :entry:default@PreviewHookCompileResource
[2025-12-06T22:15:25.449] [DEBUG] debug-file - entry : default@PreviewHookCompileResource cost memory 0.02173614501953125
[2025-12-06T22:15:25.449] [DEBUG] debug-file - runTaskFromQueue task cost before running: 1 s 307 ms 
[2025-12-06T22:15:25.449] [INFO] debug-file - Finished :entry:default@PreviewHookCompileResource... after 1 ms 
[2025-12-06T22:15:25.450] [DEBUG] debug-file - Executing task :entry:default@CopyPreviewProfile
[2025-12-06T22:15:25.456] [DEBUG] debug-file - entry : default@CopyPreviewProfile cost memory 0.1497955322265625
[2025-12-06T22:15:25.456] [DEBUG] debug-file - runTaskFromQueue task cost before running: 1 s 315 ms 
[2025-12-06T22:15:25.456] [INFO] debug-file - Finished :entry:default@CopyPreviewProfile... after 7 ms 
[2025-12-06T22:15:25.457] [DEBUG] debug-file - Executing task :entry:default@ReplacePreviewerPage
[2025-12-06T22:15:25.457] [DEBUG] debug-file - entry : default@ReplacePreviewerPage cost memory 0.0180206298828125
[2025-12-06T22:15:25.458] [DEBUG] debug-file - runTaskFromQueue task cost before running: 1 s 316 ms 
[2025-12-06T22:15:25.458] [INFO] debug-file - Finished :entry:default@ReplacePreviewerPage... after 1 ms 
[2025-12-06T22:15:25.458] [DEBUG] debug-file - Executing task :entry:buildPreviewerResource
[2025-12-06T22:15:25.458] [DEBUG] debug-file - entry : buildPreviewerResource cost memory 0.02147674560546875
[2025-12-06T22:15:25.458] [DEBUG] debug-file - runTaskFromQueue task cost before running: 1 s 316 ms 
[2025-12-06T22:15:25.458] [INFO] debug-file - Finished :entry:buildPreviewerResource... after 1 ms 
[2025-12-06T22:15:25.459] [DEBUG] debug-file - Executing task :entry:default@PreviewUpdateAssets
[2025-12-06T22:15:25.467] [DEBUG] debug-file - entry : default@PreviewUpdateAssets cost memory 0.09033966064453125
[2025-12-06T22:15:25.467] [DEBUG] debug-file - runTaskFromQueue task cost before running: 1 s 325 ms 
[2025-12-06T22:15:25.468] [INFO] debug-file - Finished :entry:default@PreviewUpdateAssets... after 9 ms 
[2025-12-06T22:15:25.473] [DEBUG] debug-file - Executing task :entry:default@PreviewArkTS
[2025-12-06T22:15:25.473] [DEBUG] debug-file - obfuscationOptions: undefined
[2025-12-06T22:15:25.477] [DEBUG] debug-file - Task 'entry:default@PreviewArkTS' cost while wrapping incremental declarations: 1 ms 
[2025-12-06T22:15:25.489] [DEBUG] debug-file - session manager: binding session. socketId=MEXzLLxz3j1egMRUAAAD, threadId=1@1.
[2025-12-06T22:15:25.490] [DEBUG] debug-file - entry : default@PreviewArkTS cost memory 0.9357757568359375
[2025-12-06T22:15:28.073] [DEBUG] debug-file - watch worker: send response to session manager. Response type: WatchStart
[2025-12-06T22:15:28.074] [DEBUG] debug-file - session manager: watch message received from worker 1. Type: WatchStart
[2025-12-06T22:15:30.340] [DEBUG] debug-file - watch worker: send response to session manager. Response type: WatchLog
[2025-12-06T22:15:30.341] [DEBUG] debug-file - session manager: watch message received from worker 1. Type: WatchLog
[2025-12-06T22:15:30.340] [DEBUG] debug-file - watch worker: send response to session manager. Response type: WatchLog
[2025-12-06T22:15:30.342] [DEBUG] debug-file - session manager: watch message received from worker 1. Type: WatchLog
[2025-12-06T22:15:32.400] [DEBUG] debug-file - watch worker: send response to session manager. Response type: WatchResult
[2025-12-06T22:15:32.401] [DEBUG] debug-file - session manager: watch message received from worker 1. Type: WatchResult
[2025-12-06T22:15:32.402] [INFO] debug-file - Finished :entry:default@PreviewArkTS... after 6 s 928 ms 
[2025-12-06T22:15:32.402] [DEBUG] debug-file - Executing task :entry:PreviewBuild
[2025-12-06T22:15:32.403] [DEBUG] debug-file - entry : PreviewBuild cost memory 0.01427459716796875
[2025-12-06T22:15:32.403] [DEBUG] debug-file - runTaskFromQueue task cost before running: 8 s 261 ms 
[2025-12-06T22:15:32.403] [INFO] debug-file - Finished :entry:PreviewBuild... after 1 ms 
[2025-12-06T22:15:32.404] [DEBUG] debug-file - Ark compile finished.
[2025-12-06T22:15:32.416] [INFO] debug-file - BUILD SUCCESSFUL in 8 s 274 ms 
[2025-12-06T22:15:32.417] [DEBUG] debug-file - Update task entry:default@PreBuild input file:H:\WaterFlow\AppScope\app.json5 cache by regenerate.
[2025-12-06T22:15:32.418] [DEBUG] debug-file - Update task entry:default@PreBuild input file:H:\WaterFlow\entry\src\main\module.json5 cache by regenerate.
[2025-12-06T22:15:32.418] [DEBUG] debug-file - Update task entry:default@PreBuild input file:H:\WaterFlow\build-profile.json5 cache by regenerate.
[2025-12-06T22:15:32.418] [DEBUG] debug-file - Update task entry:default@PreBuild input file:H:\WaterFlow\entry\build-profile.json5 cache by regenerate.
[2025-12-06T22:15:32.418] [DEBUG] debug-file - Update task entry:default@PreBuild input file:H:\WaterFlow\entry\src\main\resources\base\profile\main_pages.json cache by regenerate.
[2025-12-06T22:15:32.418] [DEBUG] debug-file - Update task entry:default@PreBuild input file:H:\WaterFlow\hvigor\hvigor-config.json5 cache by regenerate.
[2025-12-06T22:15:32.418] [DEBUG] debug-file - Update task entry:default@PreBuild input file:H:\WaterFlow\entry\oh-package.json5 cache by regenerate.
[2025-12-06T22:15:32.419] [DEBUG] debug-file - Update task entry:default@PreBuild input file:H:\WaterFlow\oh-package.json5 cache by regenerate.
[2025-12-06T22:15:32.419] [DEBUG] debug-file - Incremental task entry:default@PreBuild post-execution cost:3 ms .
[2025-12-06T22:15:32.419] [DEBUG] debug-file - Update task entry:default@CreateModuleInfo output file:H:\WaterFlow\entry\.preview\default\generated\profile\default\ModuleInfo.ts cache.
[2025-12-06T22:15:32.419] [DEBUG] debug-file - Incremental task entry:default@CreateModuleInfo post-execution cost:1 ms .
[2025-12-06T22:15:32.419] [DEBUG] debug-file - Update task entry:default@MergeProfile input file:H:\WaterFlow\AppScope\app.json5 cache by regenerate.
[2025-12-06T22:15:32.420] [DEBUG] debug-file - Update task entry:default@MergeProfile input file:H:\WaterFlow\build-profile.json5 cache by regenerate.
[2025-12-06T22:15:32.420] [DEBUG] debug-file - Update task entry:default@MergeProfile input file:H:\WaterFlow\entry\src\main\module.json5 cache by regenerate.
[2025-12-06T22:15:32.420] [DEBUG] debug-file - Update task entry:default@MergeProfile output file:H:\WaterFlow\entry\.preview\default\intermediates\merge_profile\default\module.json cache.
[2025-12-06T22:15:32.420] [DEBUG] debug-file - Incremental task entry:default@MergeProfile post-execution cost:1 ms .
[2025-12-06T22:15:32.420] [DEBUG] debug-file - Update task entry:default@CreateBuildProfile input file:H:\WaterFlow\AppScope\app.json5 cache by regenerate.
[2025-12-06T22:15:32.420] [DEBUG] debug-file - Update task entry:default@CreateBuildProfile input file:H:\WaterFlow\build-profile.json5 cache by regenerate.
[2025-12-06T22:15:32.421] [DEBUG] debug-file - Update task entry:default@CreateBuildProfile output file:H:\WaterFlow\entry\.preview\default\generated\profile\default\BuildProfile.ets cache.
[2025-12-06T22:15:32.421] [DEBUG] debug-file - Incremental task entry:default@CreateBuildProfile post-execution cost:1 ms .
[2025-12-06T22:15:32.421] [DEBUG] debug-file - Update task entry:default@GeneratePkgContextInfo output file:H:\WaterFlow\entry\.preview\default\intermediates\loader\default\pkgContextInfo.json cache.
[2025-12-06T22:15:32.421] [DEBUG] debug-file - Incremental task entry:default@GeneratePkgContextInfo post-execution cost:1 ms .
[2025-12-06T22:15:32.421] [DEBUG] debug-file - Update task entry:default@ProcessProfile input file:H:\WaterFlow\entry\.preview\default\intermediates\merge_profile\default\module.json cache by regenerate.
[2025-12-06T22:15:32.421] [DEBUG] debug-file - Update task entry:default@ProcessProfile output file:H:\WaterFlow\entry\.preview\default\intermediates\process_profile\default\module.json cache.
[2025-12-06T22:15:32.422] [DEBUG] debug-file - Incremental task entry:default@ProcessProfile post-execution cost:1 ms .
[2025-12-06T22:15:32.422] [DEBUG] debug-file - Update task entry:default@ProcessRouterMap input file:H:\WaterFlow\entry\oh-package.json5 cache by regenerate.
[2025-12-06T22:15:32.422] [DEBUG] debug-file - Update task entry:default@ProcessRouterMap input file:H:\WaterFlow\oh-package.json5 cache by regenerate.
[2025-12-06T22:15:32.422] [DEBUG] debug-file - Update task entry:default@ProcessRouterMap input file:H:\WaterFlow\entry\src\main\module.json5 cache by regenerate.
[2025-12-06T22:15:32.422] [DEBUG] debug-file - Update task entry:default@ProcessRouterMap output file:H:\WaterFlow\entry\.preview\default\intermediates\router_map\default\temp-router-map.json cache.
[2025-12-06T22:15:32.422] [DEBUG] debug-file - Update task entry:default@ProcessRouterMap output file:H:\WaterFlow\entry\.preview\default\intermediates\router_map\default\loader-router-map.json cache.
[2025-12-06T22:15:32.423] [DEBUG] debug-file - Incremental task entry:default@ProcessRouterMap post-execution cost:1 ms .
[2025-12-06T22:15:32.423] [DEBUG] debug-file - Update task entry:default@ProcessShareConfig input file:H:\WaterFlow\entry\oh-package.json5 cache by regenerate.
[2025-12-06T22:15:32.423] [DEBUG] debug-file - Update task entry:default@ProcessShareConfig input file:H:\WaterFlow\oh-package.json5 cache by regenerate.
[2025-12-06T22:15:32.423] [DEBUG] debug-file - Update task entry:default@ProcessShareConfig input file:H:\WaterFlow\entry\src\main\module.json5 cache by regenerate.
[2025-12-06T22:15:32.423] [DEBUG] debug-file - Update task entry:default@ProcessShareConfig output file:H:\WaterFlow\entry\.preview\default\intermediates\share_config\default\temp-share-config.json cache.
[2025-12-06T22:15:32.423] [DEBUG] debug-file - Incremental task entry:default@ProcessShareConfig post-execution cost:1 ms .
[2025-12-06T22:15:32.423] [DEBUG] debug-file - Update task entry:default@ProcessStartupConfig output file:H:\WaterFlow\entry\.preview\default\intermediates\startup\default\startup_config.json cache.
[2025-12-06T22:15:32.424] [DEBUG] debug-file - Incremental task entry:default@ProcessStartupConfig post-execution cost:1 ms .
[2025-12-06T22:15:32.424] [DEBUG] debug-file - Update task entry:default@GenerateLoaderJson input file:H:\WaterFlow\entry\.preview\default\intermediates\router_map\default\temp-router-map.json cache by regenerate.
[2025-12-06T22:15:32.424] [DEBUG] debug-file - Update task entry:default@GenerateLoaderJson output file:H:\WaterFlow\entry\.preview\default\intermediates\loader\default\loader.json cache.
[2025-12-06T22:15:32.424] [DEBUG] debug-file - Incremental task entry:default@GenerateLoaderJson post-execution cost:1 ms .
[2025-12-06T22:15:32.424] [DEBUG] debug-file - Update task entry:default@PreviewCompileResource input file:H:\WaterFlow\entry\src\main\resources cache by regenerate.
[2025-12-06T22:15:32.428] [DEBUG] debug-file - Update task entry:default@PreviewCompileResource input file:H:\WaterFlow\entry\.preview\default\intermediates\merge_profile\default\module.json cache by regenerate.
[2025-12-06T22:15:32.428] [DEBUG] debug-file - Update task entry:default@PreviewCompileResource output file:H:\WaterFlow\entry\.preview\default\intermediates\res\default cache.
[2025-12-06T22:15:32.431] [DEBUG] debug-file - Update task entry:default@PreviewCompileResource output file:H:\WaterFlow\entry\.preview\default\generated\r\default cache.
[2025-12-06T22:15:32.431] [DEBUG] debug-file - Incremental task entry:default@PreviewCompileResource post-execution cost:7 ms .
[2025-12-06T22:15:32.431] [DEBUG] debug-file - Update task entry:default@CopyPreviewProfile input file:H:\WaterFlow\entry\src\main\resources\base\profile cache by regenerate.
[2025-12-06T22:15:32.431] [DEBUG] debug-file - Update task entry:default@CopyPreviewProfile output file:H:\WaterFlow\entry\.preview\default\intermediates\res\default\resources\base\profile cache.
[2025-12-06T22:15:32.432] [DEBUG] debug-file - Incremental task entry:default@CopyPreviewProfile post-execution cost:1 ms .
[2025-12-06T22:15:32.432] [DEBUG] debug-file - Update task entry:default@PreviewUpdateAssets output file:H:\WaterFlow\entry\.preview\default\intermediates\res\default\module.json cache.
[2025-12-06T22:15:32.432] [DEBUG] debug-file - Update task entry:default@PreviewUpdateAssets output file:H:\WaterFlow\entry\.preview\default\intermediates\res\default\resources\base\profile\main_pages.json cache.
[2025-12-06T22:15:32.432] [DEBUG] debug-file - Incremental task entry:default@PreviewUpdateAssets post-execution cost:1 ms .
[2025-12-06T22:15:32.433] [DEBUG] debug-file - Update task entry:default@PreviewArkTS input file:H:\WaterFlow\entry\.preview\default\intermediates\loader\default cache by regenerate.
[2025-12-06T22:15:32.433] [DEBUG] debug-file - Update task entry:default@PreviewArkTS input file:H:\WaterFlow\entry\.preview\default\intermediates\res\default\ResourceTable.txt cache by regenerate.
[2025-12-06T22:15:32.433] [DEBUG] debug-file - Update task entry:default@PreviewArkTS input file:H:\WaterFlow\entry\.preview\default\intermediates\process_profile\default\module.json cache by regenerate.
[2025-12-06T22:15:32.434] [DEBUG] debug-file - Update task entry:default@PreviewArkTS input file:H:\WaterFlow\entry\.preview\default\intermediates\res\default\resources\base\profile cache by regenerate.
[2025-12-06T22:15:32.434] [DEBUG] debug-file - Update task entry:default@PreviewArkTS input file:H:\WaterFlow\entry\src\main\ets cache by regenerate.
[2025-12-06T22:15:32.436] [DEBUG] debug-file - Update task entry:default@PreviewArkTS input file:H:\WaterFlow\entry\.preview\default\generated\profile\default\BuildProfile.ets cache by regenerate.
[2025-12-06T22:15:32.436] [DEBUG] debug-file - Update task entry:default@PreviewArkTS output file:H:\WaterFlow\entry\.preview\default\intermediates\loader_out\default\ets cache.
[2025-12-06T22:15:32.436] [DEBUG] debug-file - Incremental task entry:default@PreviewArkTS post-execution cost:4 ms .
[2025-12-06T22:15:32.466] [DEBUG] debug-file - There's no busy workers and idle workers need cleanup.
[2025-12-06T22:15:32.467] [DEBUG] debug-file - hvigor build process will be closed.
[2025-12-06T22:16:34.976] [DEBUG] debug-file - session manager: send message to worker process.
[2025-12-06T22:16:34.976] [DEBUG] debug-file - session manager: send message to worker process.
[2025-12-06T22:16:35.006] [DEBUG] debug-file - bad codeSnippet [object Object]
[2025-12-06T22:16:35.025] [DEBUG] debug-file - watch worker: worker is ready to be terminated.
[2025-12-06T22:16:35.026] [DEBUG] debug-file - Server currently has 0 watch-worker
